<?xml version="1.0" encoding="UTF-8"?>
<testsuite xmlns:xsi="http://www.w3.org/2001/XMLSchema-instance" xsi:noNamespaceSchemaLocation="https://maven.apache.org/surefire/maven-surefire-plugin/xsd/surefire-test-report.xsd" name="Parallel01IT" time="20.856" tests="6" errors="0" skipped="0" failures="0">
  <properties>
    <property name="sun.desktop" value="windows"/>
    <property name="awt.toolkit" value="sun.awt.windows.WToolkit"/>
    <property name="country" value="uk"/>
    <property name="file.encoding.pkg" value="sun.io"/>
    <property name="java.specification.version" value="1.8"/>
    <property name="sun.cpu.isalist" value="amd64"/>
    <property name="sun.jnu.encoding" value="Cp1252"/>
    <property name="java.class.path" value="C:\Code Room_Automation\Java codes\GitHub\AutomationTest\target\test-classes;C:\Code Room_Automation\Java codes\GitHub\AutomationTest\target\classes;C:\Users\Kanini W&apos;Tang\.m2\repository\org\seleniumhq\selenium\selenium-java\3.14.0\selenium-java-3.14.0.jar;C:\Users\Kanini W&apos;Tang\.m2\repository\org\seleniumhq\selenium\selenium-api\3.14.0\selenium-api-3.14.0.jar;C:\Users\Kanini W&apos;Tang\.m2\repository\org\seleniumhq\selenium\selenium-chrome-driver\3.14.0\selenium-chrome-driver-3.14.0.jar;C:\Users\Kanini W&apos;Tang\.m2\repository\org\seleniumhq\selenium\selenium-edge-driver\3.14.0\selenium-edge-driver-3.14.0.jar;C:\Users\Kanini W&apos;Tang\.m2\repository\org\seleniumhq\selenium\selenium-firefox-driver\3.14.0\selenium-firefox-driver-3.14.0.jar;C:\Users\Kanini W&apos;Tang\.m2\repository\org\seleniumhq\selenium\selenium-ie-driver\3.14.0\selenium-ie-driver-3.14.0.jar;C:\Users\Kanini W&apos;Tang\.m2\repository\org\seleniumhq\selenium\selenium-opera-driver\3.14.0\selenium-opera-driver-3.14.0.jar;C:\Users\Kanini W&apos;Tang\.m2\repository\org\seleniumhq\selenium\selenium-remote-driver\3.14.0\selenium-remote-driver-3.14.0.jar;C:\Users\Kanini W&apos;Tang\.m2\repository\org\seleniumhq\selenium\selenium-safari-driver\3.14.0\selenium-safari-driver-3.14.0.jar;C:\Users\Kanini W&apos;Tang\.m2\repository\org\seleniumhq\selenium\selenium-support\3.14.0\selenium-support-3.14.0.jar;C:\Users\Kanini W&apos;Tang\.m2\repository\net\bytebuddy\byte-buddy\1.8.15\byte-buddy-1.8.15.jar;C:\Users\Kanini W&apos;Tang\.m2\repository\org\apache\commons\commons-exec\1.3\commons-exec-1.3.jar;C:\Users\Kanini W&apos;Tang\.m2\repository\commons-codec\commons-codec\1.10\commons-codec-1.10.jar;C:\Users\Kanini W&apos;Tang\.m2\repository\commons-logging\commons-logging\1.2\commons-logging-1.2.jar;C:\Users\Kanini W&apos;Tang\.m2\repository\com\google\guava\guava\25.0-jre\guava-25.0-jre.jar;C:\Users\Kanini W&apos;Tang\.m2\repository\com\google\code\findbugs\jsr305\1.3.9\jsr305-1.3.9.jar;C:\Users\Kanini W&apos;Tang\.m2\repository\org\checkerframework\checker-compat-qual\2.0.0\checker-compat-qual-2.0.0.jar;C:\Users\Kanini W&apos;Tang\.m2\repository\com\google\errorprone\error_prone_annotations\2.1.3\error_prone_annotations-2.1.3.jar;C:\Users\Kanini W&apos;Tang\.m2\repository\com\google\j2objc\j2objc-annotations\1.1\j2objc-annotations-1.1.jar;C:\Users\Kanini W&apos;Tang\.m2\repository\org\codehaus\mojo\animal-sniffer-annotations\1.14\animal-sniffer-annotations-1.14.jar;C:\Users\Kanini W&apos;Tang\.m2\repository\org\apache\httpcomponents\httpclient\4.5.5\httpclient-4.5.5.jar;C:\Users\Kanini W&apos;Tang\.m2\repository\org\apache\httpcomponents\httpcore\4.4.9\httpcore-4.4.9.jar;C:\Users\Kanini W&apos;Tang\.m2\repository\com\squareup\okhttp3\okhttp\3.10.0\okhttp-3.10.0.jar;C:\Users\Kanini W&apos;Tang\.m2\repository\com\squareup\okio\okio\1.14.1\okio-1.14.1.jar;C:\Users\Kanini W&apos;Tang\.m2\repository\org\seleniumhq\selenium\htmlunit-driver\2.32.1\htmlunit-driver-2.32.1.jar;C:\Users\Kanini W&apos;Tang\.m2\repository\net\sourceforge\htmlunit\htmlunit\2.32\htmlunit-2.32.jar;C:\Users\Kanini W&apos;Tang\.m2\repository\xalan\xalan\2.7.2\xalan-2.7.2.jar;C:\Users\Kanini W&apos;Tang\.m2\repository\xalan\serializer\2.7.2\serializer-2.7.2.jar;C:\Users\Kanini W&apos;Tang\.m2\repository\org\apache\commons\commons-text\1.4\commons-text-1.4.jar;C:\Users\Kanini W&apos;Tang\.m2\repository\net\sourceforge\htmlunit\htmlunit-core-js\2.32\htmlunit-core-js-2.32.jar;C:\Users\Kanini W&apos;Tang\.m2\repository\net\sourceforge\htmlunit\neko-htmlunit\2.32\neko-htmlunit-2.32.jar;C:\Users\Kanini W&apos;Tang\.m2\repository\xerces\xercesImpl\2.11.0\xercesImpl-2.11.0.jar;C:\Users\Kanini W&apos;Tang\.m2\repository\xml-apis\xml-apis\1.4.01\xml-apis-1.4.01.jar;C:\Users\Kanini W&apos;Tang\.m2\repository\net\sourceforge\htmlunit\htmlunit-cssparser\1.1.0\htmlunit-cssparser-1.1.0.jar;C:\Users\Kanini W&apos;Tang\.m2\repository\commons-net\commons-net\3.6\commons-net-3.6.jar;C:\Users\Kanini W&apos;Tang\.m2\repository\org\eclipse\jetty\websocket\websocket-client\9.4.11.v20180605\websocket-client-9.4.11.v20180605.jar;C:\Users\Kanini W&apos;Tang\.m2\repository\org\eclipse\jetty\jetty-client\9.4.11.v20180605\jetty-client-9.4.11.v20180605.jar;C:\Users\Kanini W&apos;Tang\.m2\repository\org\eclipse\jetty\jetty-http\9.4.11.v20180605\jetty-http-9.4.11.v20180605.jar;C:\Users\Kanini W&apos;Tang\.m2\repository\org\eclipse\jetty\jetty-xml\9.4.11.v20180605\jetty-xml-9.4.11.v20180605.jar;C:\Users\Kanini W&apos;Tang\.m2\repository\org\eclipse\jetty\jetty-util\9.4.11.v20180605\jetty-util-9.4.11.v20180605.jar;C:\Users\Kanini W&apos;Tang\.m2\repository\org\eclipse\jetty\jetty-io\9.4.11.v20180605\jetty-io-9.4.11.v20180605.jar;C:\Users\Kanini W&apos;Tang\.m2\repository\org\eclipse\jetty\websocket\websocket-common\9.4.11.v20180605\websocket-common-9.4.11.v20180605.jar;C:\Users\Kanini W&apos;Tang\.m2\repository\org\eclipse\jetty\websocket\websocket-api\9.4.11.v20180605\websocket-api-9.4.11.v20180605.jar;C:\Users\Kanini W&apos;Tang\.m2\repository\info\cukes\cucumber-junit\1.2.5\cucumber-junit-1.2.5.jar;C:\Users\Kanini W&apos;Tang\.m2\repository\info\cukes\cucumber-core\1.2.5\cucumber-core-1.2.5.jar;C:\Users\Kanini W&apos;Tang\.m2\repository\info\cukes\cucumber-html\0.2.3\cucumber-html-0.2.3.jar;C:\Users\Kanini W&apos;Tang\.m2\repository\info\cukes\cucumber-jvm-deps\1.0.5\cucumber-jvm-deps-1.0.5.jar;C:\Users\Kanini W&apos;Tang\.m2\repository\info\cukes\gherkin\2.12.2\gherkin-2.12.2.jar;C:\Users\Kanini W&apos;Tang\.m2\repository\info\cukes\cucumber-picocontainer\1.2.5\cucumber-picocontainer-1.2.5.jar;C:\Users\Kanini W&apos;Tang\.m2\repository\info\cukes\cucumber-java\1.2.5\cucumber-java-1.2.5.jar;C:\Users\Kanini W&apos;Tang\.m2\repository\org\picocontainer\picocontainer\2.15\picocontainer-2.15.jar;C:\Users\Kanini W&apos;Tang\.m2\repository\junit\junit\4.12\junit-4.12.jar;C:\Users\Kanini W&apos;Tang\.m2\repository\org\hamcrest\hamcrest-all\1.3\hamcrest-all-1.3.jar;C:\Users\Kanini W&apos;Tang\.m2\repository\org\hamcrest\hamcrest-library\1.3\hamcrest-library-1.3.jar;C:\Users\Kanini W&apos;Tang\.m2\repository\org\hamcrest\hamcrest-core\1.3\hamcrest-core-1.3.jar;C:\Users\Kanini W&apos;Tang\.m2\repository\com\codeborne\phantomjsdriver\1.4.1\phantomjsdriver-1.4.1.jar;C:\Users\Kanini W&apos;Tang\.m2\repository\io\github\bonigarcia\webdrivermanager\3.7.1\webdrivermanager-3.7.1.jar;C:\Users\Kanini W&apos;Tang\.m2\repository\org\rauschig\jarchivelib\1.0.0\jarchivelib-1.0.0.jar;C:\Users\Kanini W&apos;Tang\.m2\repository\org\apache\commons\commons-compress\1.18\commons-compress-1.18.jar;C:\Users\Kanini W&apos;Tang\.m2\repository\org\jsoup\jsoup\1.11.3\jsoup-1.11.3.jar;C:\Users\Kanini W&apos;Tang\.m2\repository\log4j\log4j\1.2.17\log4j-1.2.17.jar;C:\Users\Kanini W&apos;Tang\.m2\repository\commons-io\commons-io\2.6\commons-io-2.6.jar;C:\Users\Kanini W&apos;Tang\.m2\repository\com\fasterxml\jackson\core\jackson-annotations\2.10.0.pr3\jackson-annotations-2.10.0.pr3.jar;C:\Users\Kanini W&apos;Tang\.m2\repository\com\google\code\gson\gson\2.8.5\gson-2.8.5.jar;C:\Users\Kanini W&apos;Tang\.m2\repository\org\json\json\20180130\json-20180130.jar;C:\Users\Kanini W&apos;Tang\.m2\repository\org\apache\commons\commons-lang3\3.9\commons-lang3-3.9.jar;C:\Users\Kanini W&apos;Tang\.m2\repository\com\googlecode\json-simple\json-simple\1.1\json-simple-1.1.jar;C:\Users\Kanini W&apos;Tang\.m2\repository\io\rest-assured\rest-assured\3.0.7\rest-assured-3.0.7.jar;C:\Users\Kanini W&apos;Tang\.m2\repository\org\codehaus\groovy\groovy\2.4.12\groovy-2.4.12.jar;C:\Users\Kanini W&apos;Tang\.m2\repository\org\codehaus\groovy\groovy-xml\2.4.12\groovy-xml-2.4.12.jar;C:\Users\Kanini W&apos;Tang\.m2\repository\org\apache\httpcomponents\httpmime\4.5.1\httpmime-4.5.1.jar;C:\Users\Kanini W&apos;Tang\.m2\repository\org\ccil\cowan\tagsoup\tagsoup\1.2.1\tagsoup-1.2.1.jar;C:\Users\Kanini W&apos;Tang\.m2\repository\io\rest-assured\json-path\3.0.7\json-path-3.0.7.jar;C:\Users\Kanini W&apos;Tang\.m2\repository\org\codehaus\groovy\groovy-json\2.4.12\groovy-json-2.4.12.jar;C:\Users\Kanini W&apos;Tang\.m2\repository\io\rest-assured\rest-assured-common\3.0.7\rest-assured-common-3.0.7.jar;C:\Users\Kanini W&apos;Tang\.m2\repository\io\rest-assured\xml-path\3.0.7\xml-path-3.0.7.jar;C:\Users\Kanini W&apos;Tang\.m2\repository\javax\xml\bind\jaxb-api\2.2.12\jaxb-api-2.2.12.jar;C:\Users\Kanini W&apos;Tang\.m2\repository\io\rest-assured\json-schema-validator\3.0.7\json-schema-validator-3.0.7.jar;C:\Users\Kanini W&apos;Tang\.m2\repository\com\github\fge\json-schema-validator\2.2.6\json-schema-validator-2.2.6.jar;C:\Users\Kanini W&apos;Tang\.m2\repository\joda-time\joda-time\2.3\joda-time-2.3.jar;C:\Users\Kanini W&apos;Tang\.m2\repository\com\googlecode\libphonenumber\libphonenumber\6.2\libphonenumber-6.2.jar;C:\Users\Kanini W&apos;Tang\.m2\repository\com\github\fge\json-schema-core\1.2.5\json-schema-core-1.2.5.jar;C:\Users\Kanini W&apos;Tang\.m2\repository\com\github\fge\uri-template\0.9\uri-template-0.9.jar;C:\Users\Kanini W&apos;Tang\.m2\repository\com\github\fge\msg-simple\1.1\msg-simple-1.1.jar;C:\Users\Kanini W&apos;Tang\.m2\repository\com\github\fge\btf\1.2\btf-1.2.jar;C:\Users\Kanini W&apos;Tang\.m2\repository\com\github\fge\jackson-coreutils\1.8\jackson-coreutils-1.8.jar;C:\Users\Kanini W&apos;Tang\.m2\repository\com\fasterxml\jackson\core\jackson-databind\2.2.3\jackson-databind-2.2.3.jar;C:\Users\Kanini W&apos;Tang\.m2\repository\com\fasterxml\jackson\core\jackson-core\2.2.3\jackson-core-2.2.3.jar;C:\Users\Kanini W&apos;Tang\.m2\repository\org\mozilla\rhino\1.7R4\rhino-1.7R4.jar;C:\Users\Kanini W&apos;Tang\.m2\repository\javax\mail\mailapi\1.4.3\mailapi-1.4.3.jar;C:\Users\Kanini W&apos;Tang\.m2\repository\javax\activation\activation\1.1\activation-1.1.jar;C:\Users\Kanini W&apos;Tang\.m2\repository\net\sf\jopt-simple\jopt-simple\4.6\jopt-simple-4.6.jar;C:\Users\Kanini W&apos;Tang\.m2\repository\org\codehaus\jackson\jackson-mapper-asl\1.9.10\jackson-mapper-asl-1.9.10.jar;C:\Users\Kanini W&apos;Tang\.m2\repository\org\codehaus\jackson\jackson-core-asl\1.9.10\jackson-core-asl-1.9.10.jar;C:\Users\Kanini W&apos;Tang\.m2\repository\org\slf4j\slf4j-api\1.7.5\slf4j-api-1.7.5.jar;C:\Users\Kanini W&apos;Tang\.m2\repository\org\slf4j\slf4j-log4j12\1.7.5\slf4j-log4j12-1.7.5.jar;"/>
    <property name="java.vm.vendor" value="Oracle Corporation"/>
    <property name="sun.arch.data.model" value="64"/>
    <property name="user.variant" value=""/>
    <property name="java.vendor.url" value="http://java.oracle.com/"/>
    <property name="user.timezone" value="Europe/London"/>
    <property name="testbed" value="local"/>
    <property name="java.vm.specification.version" value="1.8"/>
    <property name="os.name" value="Windows 10"/>
    <property name="user.country" value="GB"/>
    <property name="sun.java.launcher" value="SUN_STANDARD"/>
    <property name="sun.boot.library.path" value="C:\Program Files\Java\jdk1.8.0_131\jre\bin"/>
    <property name="sun.java.command" value="C:\Users\KANINI~1\AppData\Local\Temp\surefire7157653025256451420\surefirebooter2742196011270128723.jar C:\Users\Kanini W&apos;Tang\AppData\Local\Temp\surefire7157653025256451420 2019-09-23T20-15-29_652-jvmRun1 surefire3991996738468343753tmp surefire_05645131661264332793tmp"/>
    <property name="surefire.test.class.path" value="C:\Code Room_Automation\Java codes\GitHub\AutomationTest\target\test-classes;C:\Code Room_Automation\Java codes\GitHub\AutomationTest\target\classes;C:\Users\Kanini W&apos;Tang\.m2\repository\org\seleniumhq\selenium\selenium-java\3.14.0\selenium-java-3.14.0.jar;C:\Users\Kanini W&apos;Tang\.m2\repository\org\seleniumhq\selenium\selenium-api\3.14.0\selenium-api-3.14.0.jar;C:\Users\Kanini W&apos;Tang\.m2\repository\org\seleniumhq\selenium\selenium-chrome-driver\3.14.0\selenium-chrome-driver-3.14.0.jar;C:\Users\Kanini W&apos;Tang\.m2\repository\org\seleniumhq\selenium\selenium-edge-driver\3.14.0\selenium-edge-driver-3.14.0.jar;C:\Users\Kanini W&apos;Tang\.m2\repository\org\seleniumhq\selenium\selenium-firefox-driver\3.14.0\selenium-firefox-driver-3.14.0.jar;C:\Users\Kanini W&apos;Tang\.m2\repository\org\seleniumhq\selenium\selenium-ie-driver\3.14.0\selenium-ie-driver-3.14.0.jar;C:\Users\Kanini W&apos;Tang\.m2\repository\org\seleniumhq\selenium\selenium-opera-driver\3.14.0\selenium-opera-driver-3.14.0.jar;C:\Users\Kanini W&apos;Tang\.m2\repository\org\seleniumhq\selenium\selenium-remote-driver\3.14.0\selenium-remote-driver-3.14.0.jar;C:\Users\Kanini W&apos;Tang\.m2\repository\org\seleniumhq\selenium\selenium-safari-driver\3.14.0\selenium-safari-driver-3.14.0.jar;C:\Users\Kanini W&apos;Tang\.m2\repository\org\seleniumhq\selenium\selenium-support\3.14.0\selenium-support-3.14.0.jar;C:\Users\Kanini W&apos;Tang\.m2\repository\net\bytebuddy\byte-buddy\1.8.15\byte-buddy-1.8.15.jar;C:\Users\Kanini W&apos;Tang\.m2\repository\org\apache\commons\commons-exec\1.3\commons-exec-1.3.jar;C:\Users\Kanini W&apos;Tang\.m2\repository\commons-codec\commons-codec\1.10\commons-codec-1.10.jar;C:\Users\Kanini W&apos;Tang\.m2\repository\commons-logging\commons-logging\1.2\commons-logging-1.2.jar;C:\Users\Kanini W&apos;Tang\.m2\repository\com\google\guava\guava\25.0-jre\guava-25.0-jre.jar;C:\Users\Kanini W&apos;Tang\.m2\repository\com\google\code\findbugs\jsr305\1.3.9\jsr305-1.3.9.jar;C:\Users\Kanini W&apos;Tang\.m2\repository\org\checkerframework\checker-compat-qual\2.0.0\checker-compat-qual-2.0.0.jar;C:\Users\Kanini W&apos;Tang\.m2\repository\com\google\errorprone\error_prone_annotations\2.1.3\error_prone_annotations-2.1.3.jar;C:\Users\Kanini W&apos;Tang\.m2\repository\com\google\j2objc\j2objc-annotations\1.1\j2objc-annotations-1.1.jar;C:\Users\Kanini W&apos;Tang\.m2\repository\org\codehaus\mojo\animal-sniffer-annotations\1.14\animal-sniffer-annotations-1.14.jar;C:\Users\Kanini W&apos;Tang\.m2\repository\org\apache\httpcomponents\httpclient\4.5.5\httpclient-4.5.5.jar;C:\Users\Kanini W&apos;Tang\.m2\repository\org\apache\httpcomponents\httpcore\4.4.9\httpcore-4.4.9.jar;C:\Users\Kanini W&apos;Tang\.m2\repository\com\squareup\okhttp3\okhttp\3.10.0\okhttp-3.10.0.jar;C:\Users\Kanini W&apos;Tang\.m2\repository\com\squareup\okio\okio\1.14.1\okio-1.14.1.jar;C:\Users\Kanini W&apos;Tang\.m2\repository\org\seleniumhq\selenium\htmlunit-driver\2.32.1\htmlunit-driver-2.32.1.jar;C:\Users\Kanini W&apos;Tang\.m2\repository\net\sourceforge\htmlunit\htmlunit\2.32\htmlunit-2.32.jar;C:\Users\Kanini W&apos;Tang\.m2\repository\xalan\xalan\2.7.2\xalan-2.7.2.jar;C:\Users\Kanini W&apos;Tang\.m2\repository\xalan\serializer\2.7.2\serializer-2.7.2.jar;C:\Users\Kanini W&apos;Tang\.m2\repository\org\apache\commons\commons-text\1.4\commons-text-1.4.jar;C:\Users\Kanini W&apos;Tang\.m2\repository\net\sourceforge\htmlunit\htmlunit-core-js\2.32\htmlunit-core-js-2.32.jar;C:\Users\Kanini W&apos;Tang\.m2\repository\net\sourceforge\htmlunit\neko-htmlunit\2.32\neko-htmlunit-2.32.jar;C:\Users\Kanini W&apos;Tang\.m2\repository\xerces\xercesImpl\2.11.0\xercesImpl-2.11.0.jar;C:\Users\Kanini W&apos;Tang\.m2\repository\xml-apis\xml-apis\1.4.01\xml-apis-1.4.01.jar;C:\Users\Kanini W&apos;Tang\.m2\repository\net\sourceforge\htmlunit\htmlunit-cssparser\1.1.0\htmlunit-cssparser-1.1.0.jar;C:\Users\Kanini W&apos;Tang\.m2\repository\commons-net\commons-net\3.6\commons-net-3.6.jar;C:\Users\Kanini W&apos;Tang\.m2\repository\org\eclipse\jetty\websocket\websocket-client\9.4.11.v20180605\websocket-client-9.4.11.v20180605.jar;C:\Users\Kanini W&apos;Tang\.m2\repository\org\eclipse\jetty\jetty-client\9.4.11.v20180605\jetty-client-9.4.11.v20180605.jar;C:\Users\Kanini W&apos;Tang\.m2\repository\org\eclipse\jetty\jetty-http\9.4.11.v20180605\jetty-http-9.4.11.v20180605.jar;C:\Users\Kanini W&apos;Tang\.m2\repository\org\eclipse\jetty\jetty-xml\9.4.11.v20180605\jetty-xml-9.4.11.v20180605.jar;C:\Users\Kanini W&apos;Tang\.m2\repository\org\eclipse\jetty\jetty-util\9.4.11.v20180605\jetty-util-9.4.11.v20180605.jar;C:\Users\Kanini W&apos;Tang\.m2\repository\org\eclipse\jetty\jetty-io\9.4.11.v20180605\jetty-io-9.4.11.v20180605.jar;C:\Users\Kanini W&apos;Tang\.m2\repository\org\eclipse\jetty\websocket\websocket-common\9.4.11.v20180605\websocket-common-9.4.11.v20180605.jar;C:\Users\Kanini W&apos;Tang\.m2\repository\org\eclipse\jetty\websocket\websocket-api\9.4.11.v20180605\websocket-api-9.4.11.v20180605.jar;C:\Users\Kanini W&apos;Tang\.m2\repository\info\cukes\cucumber-junit\1.2.5\cucumber-junit-1.2.5.jar;C:\Users\Kanini W&apos;Tang\.m2\repository\info\cukes\cucumber-core\1.2.5\cucumber-core-1.2.5.jar;C:\Users\Kanini W&apos;Tang\.m2\repository\info\cukes\cucumber-html\0.2.3\cucumber-html-0.2.3.jar;C:\Users\Kanini W&apos;Tang\.m2\repository\info\cukes\cucumber-jvm-deps\1.0.5\cucumber-jvm-deps-1.0.5.jar;C:\Users\Kanini W&apos;Tang\.m2\repository\info\cukes\gherkin\2.12.2\gherkin-2.12.2.jar;C:\Users\Kanini W&apos;Tang\.m2\repository\info\cukes\cucumber-picocontainer\1.2.5\cucumber-picocontainer-1.2.5.jar;C:\Users\Kanini W&apos;Tang\.m2\repository\info\cukes\cucumber-java\1.2.5\cucumber-java-1.2.5.jar;C:\Users\Kanini W&apos;Tang\.m2\repository\org\picocontainer\picocontainer\2.15\picocontainer-2.15.jar;C:\Users\Kanini W&apos;Tang\.m2\repository\junit\junit\4.12\junit-4.12.jar;C:\Users\Kanini W&apos;Tang\.m2\repository\org\hamcrest\hamcrest-all\1.3\hamcrest-all-1.3.jar;C:\Users\Kanini W&apos;Tang\.m2\repository\org\hamcrest\hamcrest-library\1.3\hamcrest-library-1.3.jar;C:\Users\Kanini W&apos;Tang\.m2\repository\org\hamcrest\hamcrest-core\1.3\hamcrest-core-1.3.jar;C:\Users\Kanini W&apos;Tang\.m2\repository\com\codeborne\phantomjsdriver\1.4.1\phantomjsdriver-1.4.1.jar;C:\Users\Kanini W&apos;Tang\.m2\repository\io\github\bonigarcia\webdrivermanager\3.7.1\webdrivermanager-3.7.1.jar;C:\Users\Kanini W&apos;Tang\.m2\repository\org\rauschig\jarchivelib\1.0.0\jarchivelib-1.0.0.jar;C:\Users\Kanini W&apos;Tang\.m2\repository\org\apache\commons\commons-compress\1.18\commons-compress-1.18.jar;C:\Users\Kanini W&apos;Tang\.m2\repository\org\jsoup\jsoup\1.11.3\jsoup-1.11.3.jar;C:\Users\Kanini W&apos;Tang\.m2\repository\log4j\log4j\1.2.17\log4j-1.2.17.jar;C:\Users\Kanini W&apos;Tang\.m2\repository\commons-io\commons-io\2.6\commons-io-2.6.jar;C:\Users\Kanini W&apos;Tang\.m2\repository\com\fasterxml\jackson\core\jackson-annotations\2.10.0.pr3\jackson-annotations-2.10.0.pr3.jar;C:\Users\Kanini W&apos;Tang\.m2\repository\com\google\code\gson\gson\2.8.5\gson-2.8.5.jar;C:\Users\Kanini W&apos;Tang\.m2\repository\org\json\json\20180130\json-20180130.jar;C:\Users\Kanini W&apos;Tang\.m2\repository\org\apache\commons\commons-lang3\3.9\commons-lang3-3.9.jar;C:\Users\Kanini W&apos;Tang\.m2\repository\com\googlecode\json-simple\json-simple\1.1\json-simple-1.1.jar;C:\Users\Kanini W&apos;Tang\.m2\repository\io\rest-assured\rest-assured\3.0.7\rest-assured-3.0.7.jar;C:\Users\Kanini W&apos;Tang\.m2\repository\org\codehaus\groovy\groovy\2.4.12\groovy-2.4.12.jar;C:\Users\Kanini W&apos;Tang\.m2\repository\org\codehaus\groovy\groovy-xml\2.4.12\groovy-xml-2.4.12.jar;C:\Users\Kanini W&apos;Tang\.m2\repository\org\apache\httpcomponents\httpmime\4.5.1\httpmime-4.5.1.jar;C:\Users\Kanini W&apos;Tang\.m2\repository\org\ccil\cowan\tagsoup\tagsoup\1.2.1\tagsoup-1.2.1.jar;C:\Users\Kanini W&apos;Tang\.m2\repository\io\rest-assured\json-path\3.0.7\json-path-3.0.7.jar;C:\Users\Kanini W&apos;Tang\.m2\repository\org\codehaus\groovy\groovy-json\2.4.12\groovy-json-2.4.12.jar;C:\Users\Kanini W&apos;Tang\.m2\repository\io\rest-assured\rest-assured-common\3.0.7\rest-assured-common-3.0.7.jar;C:\Users\Kanini W&apos;Tang\.m2\repository\io\rest-assured\xml-path\3.0.7\xml-path-3.0.7.jar;C:\Users\Kanini W&apos;Tang\.m2\repository\javax\xml\bind\jaxb-api\2.2.12\jaxb-api-2.2.12.jar;C:\Users\Kanini W&apos;Tang\.m2\repository\io\rest-assured\json-schema-validator\3.0.7\json-schema-validator-3.0.7.jar;C:\Users\Kanini W&apos;Tang\.m2\repository\com\github\fge\json-schema-validator\2.2.6\json-schema-validator-2.2.6.jar;C:\Users\Kanini W&apos;Tang\.m2\repository\joda-time\joda-time\2.3\joda-time-2.3.jar;C:\Users\Kanini W&apos;Tang\.m2\repository\com\googlecode\libphonenumber\libphonenumber\6.2\libphonenumber-6.2.jar;C:\Users\Kanini W&apos;Tang\.m2\repository\com\github\fge\json-schema-core\1.2.5\json-schema-core-1.2.5.jar;C:\Users\Kanini W&apos;Tang\.m2\repository\com\github\fge\uri-template\0.9\uri-template-0.9.jar;C:\Users\Kanini W&apos;Tang\.m2\repository\com\github\fge\msg-simple\1.1\msg-simple-1.1.jar;C:\Users\Kanini W&apos;Tang\.m2\repository\com\github\fge\btf\1.2\btf-1.2.jar;C:\Users\Kanini W&apos;Tang\.m2\repository\com\github\fge\jackson-coreutils\1.8\jackson-coreutils-1.8.jar;C:\Users\Kanini W&apos;Tang\.m2\repository\com\fasterxml\jackson\core\jackson-databind\2.2.3\jackson-databind-2.2.3.jar;C:\Users\Kanini W&apos;Tang\.m2\repository\com\fasterxml\jackson\core\jackson-core\2.2.3\jackson-core-2.2.3.jar;C:\Users\Kanini W&apos;Tang\.m2\repository\org\mozilla\rhino\1.7R4\rhino-1.7R4.jar;C:\Users\Kanini W&apos;Tang\.m2\repository\javax\mail\mailapi\1.4.3\mailapi-1.4.3.jar;C:\Users\Kanini W&apos;Tang\.m2\repository\javax\activation\activation\1.1\activation-1.1.jar;C:\Users\Kanini W&apos;Tang\.m2\repository\net\sf\jopt-simple\jopt-simple\4.6\jopt-simple-4.6.jar;C:\Users\Kanini W&apos;Tang\.m2\repository\org\codehaus\jackson\jackson-mapper-asl\1.9.10\jackson-mapper-asl-1.9.10.jar;C:\Users\Kanini W&apos;Tang\.m2\repository\org\codehaus\jackson\jackson-core-asl\1.9.10\jackson-core-asl-1.9.10.jar;C:\Users\Kanini W&apos;Tang\.m2\repository\org\slf4j\slf4j-api\1.7.5\slf4j-api-1.7.5.jar;C:\Users\Kanini W&apos;Tang\.m2\repository\org\slf4j\slf4j-log4j12\1.7.5\slf4j-log4j12-1.7.5.jar;"/>
    <property name="sun.cpu.endian" value="little"/>
    <property name="user.home" value="C:\Users\Kanini W&apos;Tang"/>
    <property name="user.language" value="en"/>
    <property name="java.specification.vendor" value="Oracle Corporation"/>
    <property name="java.home" value="C:\Program Files\Java\jdk1.8.0_131\jre"/>
    <property name="basedir" value="C:\Code Room_Automation\Java codes\GitHub\AutomationTest"/>
    <property name="file.separator" value="\"/>
    <property name="line.separator" value="&#10;"/>
    <property name="java.vm.specification.vendor" value="Oracle Corporation"/>
    <property name="java.specification.name" value="Java Platform API Specification"/>
    <property name="java.awt.graphicsenv" value="sun.awt.Win32GraphicsEnvironment"/>
    <property name="surefire.real.class.path" value="C:\Users\KANINI~1\AppData\Local\Temp\surefire7157653025256451420\surefirebooter2742196011270128723.jar"/>
    <property name="sun.boot.class.path" value="C:\Program Files\Java\jdk1.8.0_131\jre\lib\resources.jar;C:\Program Files\Java\jdk1.8.0_131\jre\lib\rt.jar;C:\Program Files\Java\jdk1.8.0_131\jre\lib\sunrsasign.jar;C:\Program Files\Java\jdk1.8.0_131\jre\lib\jsse.jar;C:\Program Files\Java\jdk1.8.0_131\jre\lib\jce.jar;C:\Program Files\Java\jdk1.8.0_131\jre\lib\charsets.jar;C:\Program Files\Java\jdk1.8.0_131\jre\lib\jfr.jar;C:\Program Files\Java\jdk1.8.0_131\jre\classes"/>
    <property name="user.script" value=""/>
    <property name="sun.management.compiler" value="HotSpot 64-Bit Tiered Compilers"/>
    <property name="java.runtime.version" value="1.8.0_131-b11"/>
    <property name="user.name" value="Kanini W&apos;Tang"/>
    <property name="path.separator" value=";"/>
    <property name="os.version" value="10.0"/>
    <property name="java.endorsed.dirs" value="C:\Program Files\Java\jdk1.8.0_131\jre\lib\endorsed"/>
    <property name="java.runtime.name" value="Java(TM) SE Runtime Environment"/>
    <property name="file.encoding" value="Cp1252"/>
    <property name="java.vm.name" value="Java HotSpot(TM) 64-Bit Server VM"/>
    <property name="bsuser" value="browserstack username placeholder"/>
    <property name="localRepository" value="C:\Users\Kanini W&apos;Tang\.m2\repository"/>
    <property name="java.vendor.url.bug" value="http://bugreport.sun.com/bugreport/"/>
    <property name="java.io.tmpdir" value="C:\Users\KANINI~1\AppData\Local\Temp\"/>
    <property name="java.version" value="1.8.0_131"/>
    <property name="user.dir" value="C:\Code Room_Automation\Java codes\GitHub\AutomationTest"/>
    <property name="os.arch" value="amd64"/>
    <property name="java.vm.specification.name" value="Java Virtual Machine Specification"/>
    <property name="java.awt.printerjob" value="sun.awt.windows.WPrinterJob"/>
    <property name="env" value="staging"/>
    <property name="sun.os.patch.level" value=""/>
    <property name="headless" value="false"/>
    <property name="java.library.path" value="C:\Program Files\Java\jdk1.8.0_131\jre\bin;C:\WINDOWS\Sun\Java\bin;C:\WINDOWS\system32;C:\WINDOWS;C:\Program Files (x86)\Intel\iCLS Client\;C:\Program Files\Intel\iCLS Client\;C:\Program Files\Java\jdk1.8.0_131\bin;C:\Program Files\Apache\Mavern\apache-maven-3.5.0-bin\apache-maven-3.5.0\bin;C:\Program Files\Apache\Mavern\apache-maven-3.5.0-bin\apache-maven-3.5.0\bin;C:\WINDOWS\system32;C:\WINDOWS;C:\WINDOWS\System32\Wbem;C:\WINDOWS\System32\WindowsPowerShell\v1.0\;C:\WINDOWS\System32\OpenSSH\;C:\Program Files\Intel\WiFi\bin\;C:\Program Files\Common Files\Intel\WirelessCommon\;C:\Program Files (x86)\Intel\Intel(R) Management Engine Components\DAL;C:\Program Files\Intel\Intel(R) Management Engine Components\DAL;C:\Program Files (x86)\Intel\Intel(R) Management Engine Components\IPT;C:\Program Files\Intel\Intel(R) Management Engine Components\IPT;C:\Program Files\dotnet\;C:\Program Files\Microsoft SQL Server\130\Tools\Binn\;C:\Program Files\NVIDIA Corporation\NVIDIA NvDLISR;C:\Program Files\Java\jdk1.8.0_131;%USERPROFILE%\AppData\Local\Microsoft\WindowsApps;;."/>
    <property name="bskey" value="browserstack key placeholder"/>
    <property name="java.vm.info" value="mixed mode"/>
    <property name="java.vendor" value="Oracle Corporation"/>
    <property name="java.vm.version" value="25.131-b11"/>
    <property name="java.ext.dirs" value="C:\Program Files\Java\jdk1.8.0_131\jre\lib\ext;C:\WINDOWS\Sun\Java\lib\ext"/>
    <property name="sun.io.unicode.encoding" value="UnicodeLittle"/>
    <property name="java.class.version" value="52.0"/>
  </properties>
  <testcase name="Given I am on the autoPractice Page" classname="Scenario: Create an Account and Login" time="0"/>
  <testcase name="When I click on the login button" classname="Scenario: Create an Account and Login" time="0"/>
  <testcase name="And I enter required details for account creation" classname="Scenario: Create an Account and Login" time="0"/>
  <testcase name="Then I should be able to successfully create an account with &quot;customer firstName&quot; displayed at the top page" classname="Scenario: Create an Account and Login" time="0"/>
  <testcase name="And I should be navigated to &quot;my account&quot; page" classname="Scenario: Create an Account and Login" time="0"/>
  <testcase name="Scenario: Create an Account and Login" classname="Scenario: Create an Account and Login" time="0"/>
</testsuite>